TN:
SF:/home/fullness/CS_Training/LibraryApi/Apps/LibraryApi.Applications/Exceptions/InternalException.cs
FN:8,.ctor(System.String)
FN:10,.ctor(System.String,System.Exception)
FNDA:48,.ctor(System.String)
FNDA:9,.ctor(System.String,System.Exception)
FNF:2
FNH:2
BRF:0
BRH:0
DA:8,48
DA:10,9
LH:2
LF:2
end_of_record
SF:/home/fullness/CS_Training/LibraryApi/Apps/LibraryApi.Applications/Exceptions/NotFoundException.cs
FN:7,.ctor(System.String)
FN:8,.ctor(System.String,System.Exception)
FNDA:36,.ctor(System.String)
FNDA:0,.ctor(System.String,System.Exception)
FNF:2
FNH:1
BRF:0
BRH:0
DA:7,36
DA:8,0
LH:1
LF:2
end_of_record
SF:/home/fullness/CS_Training/LibraryApi/Apps/LibraryApi.Applications/Usecases/Books/Interactors/DeleteUsecase.cs
FN:18,.ctor(LibraryApi.Domains.Repositories.IBookRepository,LibraryApi.Applications.Usecases.IUnitOfWork)
FN:44,DeleteBookAsync()
FN:26,GetBookByIdAsync()
FNDA:8,.ctor(LibraryApi.Domains.Repositories.IBookRepository,LibraryApi.Applications.Usecases.IUnitOfWork)
FNDA:5,DeleteBookAsync()
FNDA:4,GetBookByIdAsync()
FNF:3
FNH:3
BRDA:50,50,0,3
BRDA:50,50,1,-
BRDA:29,29,2,2
BRDA:29,29,3,2
BRF:4
BRH:3
DA:18,8
DA:19,8
DA:20,8
DA:21,8
DA:22,8
DA:23,8
DA:26,4
DA:27,4
DA:28,4
DA:29,4
DA:30,2
DA:31,2
DA:33,2
DA:34,2
DA:44,5
DA:46,5
DA:48,5
DA:49,5
DA:50,3
DA:51,0
DA:52,0
DA:55,3
DA:56,3
DA:57,2
DA:58,2
DA:60,2
DA:61,2
DA:63,3
LH:26
LF:28
end_of_record
SF:/home/fullness/CS_Training/LibraryApi/Apps/LibraryApi.Applications/Usecases/Books/Interactors/GetBookInfoByBookIdUsecase.cs
FN:15,get__repository()
FN:18,.ctor(LibraryApi.Domains.Repositories.IBookRepository)
FN:25,GetInfoAsync()
FNDA:16,get__repository()
FNDA:8,.ctor(LibraryApi.Domains.Repositories.IBookRepository)
FNDA:8,GetInfoAsync()
FNF:3
FNH:3
BRDA:27,27,4,4
BRDA:27,27,5,4
BRF:2
BRH:2
DA:15,16
DA:18,8
DA:19,8
DA:20,8
DA:21,8
DA:25,8
DA:26,8
DA:27,8
DA:28,4
DA:29,4
DA:31,4
DA:32,4
LH:12
LF:12
end_of_record
SF:/home/fullness/CS_Training/LibraryApi/Apps/LibraryApi.Applications/Usecases/Books/Interactors/RegisterBookUsecase.cs
FN:21,.ctor(LibraryApi.Domains.Repositories.IBookCategoryRepository,LibraryApi.Domains.Repositories.IBookRepository,LibraryApi.Applications.Usecases.IUnitOfWork)
FN:38,ExistsByBookNameAsync()
FN:54,GetCategoriesAsync()
FN:66,GetCategoryByIdAsync()
FN:82,RegisterBookAsync()
FNDA:26,.ctor(LibraryApi.Domains.Repositories.IBookCategoryRepository,LibraryApi.Domains.Repositories.IBookRepository,LibraryApi.Applications.Usecases.IUnitOfWork)
FNDA:8,ExistsByBookNameAsync()
FNDA:4,GetCategoriesAsync()
FNDA:20,GetCategoryByIdAsync()
FNDA:8,RegisterBookAsync()
FNF:5
FNH:5
BRDA:41,41,6,4
BRDA:41,41,7,-
BRDA:68,68,8,4
BRDA:68,68,9,4
BRF:4
BRH:3
DA:21,26
DA:22,26
DA:23,26
DA:24,26
DA:25,26
DA:26,26
DA:27,26
DA:28,26
DA:29,26
DA:38,8
DA:40,8
DA:41,8
DA:42,0
DA:43,0
DA:45,8
DA:46,8
DA:54,4
DA:55,4
DA:56,4
DA:66,20
DA:67,20
DA:68,20
DA:69,4
DA:70,4
DA:72,16
DA:73,16
DA:82,8
DA:84,8
DA:86,8
DA:88,8
DA:90,8
DA:92,8
DA:93,8
DA:94,0
DA:95,0
DA:97,0
DA:98,0
DA:100,8
LH:32
LF:38
end_of_record
SF:/home/fullness/CS_Training/LibraryApi/Apps/LibraryApi.Applications/Usecases/Books/Interactors/SearchBookByKeywordUsecase.cs
FN:16,.ctor(LibraryApi.Domains.Repositories.IBookRepository)
FN:28,ExecuteAsync()
FNDA:10,.ctor(LibraryApi.Domains.Repositories.IBookRepository)
FNDA:8,ExecuteAsync()
FNF:2
FNH:2
BRF:0
BRH:0
DA:16,10
DA:17,10
DA:18,10
DA:19,10
DA:28,8
DA:29,8
DA:30,8
DA:31,8
DA:32,8
LH:9
LF:9
end_of_record
SF:/home/fullness/CS_Training/LibraryApi/Apps/LibraryApi.Applications/Usecases/Books/Interactors/UpdateBookUsecase.cs
FN:19,.ctor(LibraryApi.Domains.Repositories.IBookRepository,LibraryApi.Applications.Usecases.IUnitOfWork)
FN:33,ExistsByBookNameAsync()
FN:49,UpdateBookAsync()
FNDA:20,.ctor(LibraryApi.Domains.Repositories.IBookRepository,LibraryApi.Applications.Usecases.IUnitOfWork)
FNDA:16,ExistsByBookNameAsync()
FNDA:6,UpdateBookAsync()
FNF:3
FNH:3
BRDA:36,36,10,4
BRDA:36,36,11,4
BRDA:55,55,12,4
BRDA:55,55,13,2
BRF:4
BRH:4
DA:19,20
DA:20,20
DA:21,20
DA:22,20
DA:23,20
DA:24,20
DA:33,16
DA:35,16
DA:36,16
DA:37,4
DA:38,4
DA:40,12
DA:49,6
DA:51,6
DA:53,6
DA:54,6
DA:55,6
DA:56,2
DA:57,2
DA:60,4
DA:61,4
DA:63,2
DA:64,2
DA:66,2
DA:67,2
DA:69,4
LH:26
LF:26
end_of_record
SF:/home/fullness/CS_Training/LibraryApi/Apps/LibraryApi.Applications/Exceptions/PasswordRehashNeededException.cs
FN:6,.ctor()
FN:9,.ctor(System.String)
FN:12,.ctor(System.String,System.Exception)
FNDA:0,.ctor()
FNDA:0,.ctor(System.String)
FNDA:0,.ctor(System.String,System.Exception)
FNF:3
FNH:0
BRF:0
BRH:0
DA:6,0
DA:9,0
DA:12,0
LH:0
LF:3
end_of_record
SF:/home/fullness/CS_Training/LibraryApi/Apps/LibraryApi.Domains/Exceptions/DomainException.cs
FN:7,.ctor(System.String)
FN:9,.ctor(System.String,System.Exception)
FNDA:156,.ctor(System.String)
FNDA:0,.ctor(System.String,System.Exception)
FNF:2
FNH:1
BRF:0
BRH:0
DA:7,156
DA:9,0
LH:1
LF:2
end_of_record
SF:/home/fullness/CS_Training/LibraryApi/Apps/LibraryApi.Domains/Exceptions/ExitsException.cs
FN:7,.ctor(System.String)
FN:8,.ctor(System.String,System.Exception)
FNDA:12,.ctor(System.String)
FNDA:0,.ctor(System.String,System.Exception)
FNF:2
FNH:1
BRF:0
BRH:0
DA:7,12
DA:8,0
LH:1
LF:2
end_of_record
SF:/home/fullness/CS_Training/LibraryApi/Apps/LibraryApi.Domains/Models/Book.cs
FN:8,get_BookUuid()
FN:10,get_Title()
FN:11,get_Author()
FN:13,get_Category()
FN:14,get_Stock()
FN:48,ChangeTitle(System.String)
FN:54,ChangeAuthor(System.String)
FN:60,ChangeCategory(LibraryApi.Domains.Models.BookCategory)
FN:65,ChangeStock(LibraryApi.Domains.Models.BookStock)
FN:70,Equals(System.Object)
FN:75,GetHashCode()
FN:80,ToString()
FN:85,ValidateBookUuid(System.String)
FN:98,ValidateTitle(System.String)
FN:113,ValidateAuthor(System.String)
FN:17,.ctor(System.String,System.String,System.String,LibraryApi.Domains.Models.BookCategory,LibraryApi.Domains.Models.BookStock)
FN:31,.ctor(System.String,System.String,System.String)
FN:43,.ctor(System.String,System.String,LibraryApi.Domains.Models.BookCategory,LibraryApi.Domains.Models.BookStock)
FNDA:368,get_BookUuid()
FNDA:334,get_Title()
FNDA:328,get_Author()
FNDA:256,get_Category()
FNDA:246,get_Stock()
FNDA:2,ChangeTitle(System.String)
FNDA:2,ChangeAuthor(System.String)
FNDA:66,ChangeCategory(LibraryApi.Domains.Models.BookCategory)
FNDA:70,ChangeStock(LibraryApi.Domains.Models.BookStock)
FNDA:4,Equals(System.Object)
FNDA:0,GetHashCode()
FNDA:0,ToString()
FNDA:126,ValidateBookUuid(System.String)
FNDA:126,ValidateTitle(System.String)
FNDA:114,ValidateAuthor(System.String)
FNDA:38,.ctor(System.String,System.String,System.String,LibraryApi.Domains.Models.BookCategory,LibraryApi.Domains.Models.BookStock)
FNDA:88,.ctor(System.String,System.String,System.String)
FNDA:14,.ctor(System.String,System.String,LibraryApi.Domains.Models.BookCategory,LibraryApi.Domains.Models.BookStock)
FNF:18
FNH:16
BRDA:61,61,14,8
BRDA:61,61,15,-
BRDA:66,66,16,8
BRDA:66,66,17,-
BRDA:71,71,18,2
BRDA:71,71,19,-
BRDA:76,76,20,-
BRDA:76,76,21,-
BRDA:80,80,22,-
BRDA:80,80,23,-
BRDA:80,80,24,-
BRDA:80,80,25,-
BRDA:80,80,26,-
BRDA:80,80,27,-
BRDA:86,86,28,8
BRDA:86,86,29,-
BRDA:91,91,30,8
BRDA:91,91,31,2
BRDA:99,99,32,8
BRDA:99,99,33,4
BRDA:104,104,34,8
BRDA:104,104,35,4
BRDA:114,114,36,8
BRDA:114,114,37,-
BRDA:119,119,38,8
BRDA:119,119,39,2
BRDA:26,26,40,6
BRDA:26,26,41,-
BRDA:27,27,42,6
BRDA:27,27,43,-
BRF:30
BRH:15
DA:8,368
DA:10,334
DA:11,328
DA:13,256
DA:14,246
DA:17,38
DA:18,38
DA:19,38
DA:20,36
DA:21,32
DA:23,32
DA:24,32
DA:25,32
DA:26,32
DA:27,32
DA:28,32
DA:31,88
DA:32,88
DA:33,88
DA:34,88
DA:35,80
DA:37,76
DA:38,76
DA:39,76
DA:40,76
DA:43,14
DA:44,14
DA:45,14
DA:48,2
DA:49,2
DA:50,2
DA:51,2
DA:54,2
DA:55,2
DA:56,2
DA:57,2
DA:60,66
DA:61,66
DA:62,66
DA:65,70
DA:66,70
DA:67,70
DA:70,4
DA:71,4
DA:72,4
DA:75,0
DA:76,0
DA:77,0
DA:80,0
DA:85,126
DA:86,126
DA:87,0
DA:88,0
DA:91,126
DA:92,2
DA:93,124
DA:98,126
DA:99,126
DA:100,6
DA:101,6
DA:104,120
DA:105,6
DA:106,6
DA:108,114
DA:113,114
DA:114,114
DA:115,0
DA:116,0
DA:119,114
DA:120,4
DA:121,4
DA:123,110
LH:64
LF:72
end_of_record
SF:/home/fullness/CS_Training/LibraryApi/Apps/LibraryApi.Domains/Models/BookCategory.cs
FN:12,get_CategoryUuid()
FN:14,get_Name()
FN:44,ValidateName(System.String)
FN:56,ValidateUuid(System.String)
FN:65,ChangeName(System.String)
FN:74,Equals(System.Object)
FN:78,GetHashCode()
FN:84,ToString()
FN:21,.ctor(System.String,System.String)
FN:36,.ctor(System.String)
FNDA:504,get_CategoryUuid()
FNDA:482,get_Name()
FNDA:182,ValidateName(System.String)
FNDA:184,ValidateUuid(System.String)
FNDA:4,ChangeName(System.String)
FNDA:8,Equals(System.Object)
FNDA:0,GetHashCode()
FNDA:26,ToString()
FNDA:184,.ctor(System.String,System.String)
FNDA:102,.ctor(System.String)
FNF:10
FNH:9
BRDA:45,45,44,8
BRDA:45,45,45,2
BRDA:47,47,46,8
BRDA:47,47,47,2
BRDA:57,57,48,8
BRDA:57,57,49,4
BRDA:75,75,50,2
BRDA:75,75,51,2
BRDA:76,76,52,2
BRDA:76,76,53,-
BRF:10
BRH:9
DA:12,504
DA:14,482
DA:21,184
DA:22,184
DA:23,184
DA:24,178
DA:25,178
DA:26,174
DA:27,174
DA:36,102
DA:44,182
DA:45,182
DA:46,4
DA:47,178
DA:48,2
DA:49,176
DA:56,184
DA:57,184
DA:58,6
DA:59,178
DA:65,4
DA:66,4
DA:67,2
DA:68,2
DA:74,8
DA:75,12
DA:76,4
DA:77,8
DA:78,0
DA:84,26
LH:29
LF:30
end_of_record
SF:/home/fullness/CS_Training/LibraryApi/Apps/LibraryApi.Domains/Models/BookStock.cs
FN:11,get_StockUuid()
FN:13,get_Stock()
FN:33,ValidateStock(System.Int32)
FN:41,ValidateUuid(System.String)
FN:50,ChangeStock(System.Int32)
FN:59,Equals(System.Object)
FN:63,GetHashCode()
FN:69,ToString()
FN:16,.ctor(System.String,System.Int32)
FN:28,.ctor(System.Int32)
FNDA:346,get_StockUuid()
FNDA:216,get_Stock()
FNDA:142,ValidateStock(System.Int32)
FNDA:140,ValidateUuid(System.String)
FNDA:4,ChangeStock(System.Int32)
FNDA:8,Equals(System.Object)
FNDA:0,GetHashCode()
FNDA:0,ToString()
FNDA:140,.ctor(System.String,System.Int32)
FNDA:196,.ctor(System.Int32)
FNF:10
FNH:8
BRDA:34,34,54,8
BRDA:34,34,55,4
BRDA:42,42,56,8
BRDA:42,42,57,2
BRDA:60,60,58,2
BRDA:60,60,59,2
BRDA:61,61,60,2
BRDA:61,61,61,-
BRF:8
BRH:7
DA:11,346
DA:13,216
DA:16,140
DA:17,140
DA:18,140
DA:19,138
DA:20,138
DA:21,132
DA:22,132
DA:28,196
DA:33,142
DA:34,142
DA:35,8
DA:36,134
DA:41,140
DA:42,140
DA:43,2
DA:44,138
DA:50,4
DA:51,4
DA:52,2
DA:53,2
DA:59,8
DA:60,12
DA:61,4
DA:62,8
DA:63,0
DA:69,0
LH:26
LF:28
end_of_record
SF:/home/fullness/CS_Training/LibraryApi/Apps/LibraryApi.Domains/Models/User.cs
FN:11,get_UserUuid()
FN:13,get_Username()
FN:15,get_Password()
FN:45,ChangeUsername(System.String)
FN:55,ChangePassword(System.String)
FN:67,UsernameValidate(System.String)
FN:79,PasswordValidate(System.String)
FN:88,Equals(System.Object)
FN:93,GetHashCode()
FN:100,ToString()
FN:20,.ctor(System.String,System.String,System.String)
FN:39,.ctor(System.String,System.String)
FNDA:72,get_UserUuid()
FNDA:68,get_Username()
FNDA:68,get_Password()
FNDA:4,ChangeUsername(System.String)
FNDA:4,ChangePassword(System.String)
FNDA:34,UsernameValidate(System.String)
FNDA:30,PasswordValidate(System.String)
FNDA:4,Equals(System.Object)
FNDA:0,GetHashCode()
FNDA:0,ToString()
FNDA:32,.ctor(System.String,System.String,System.String)
FNDA:42,.ctor(System.String,System.String)
FNF:12
FNH:10
BRDA:68,68,62,4
BRDA:68,68,63,2
BRDA:70,70,64,4
BRDA:70,70,65,2
BRDA:80,80,66,4
BRDA:80,80,67,2
BRDA:89,89,68,2
BRDA:89,89,69,-
BRDA:90,90,70,2
BRDA:90,90,71,-
BRDA:22,22,72,4
BRDA:22,22,73,4
BRDA:22,22,74,2
BRDA:22,22,75,-
BRF:14
BRH:11
DA:11,72
DA:13,68
DA:15,68
DA:20,32
DA:21,32
DA:22,32
DA:23,2
DA:26,30
DA:28,26
DA:30,24
DA:31,24
DA:32,24
DA:33,24
DA:39,42
DA:45,4
DA:47,4
DA:48,2
DA:49,2
DA:55,4
DA:57,4
DA:58,2
DA:59,2
DA:67,34
DA:68,34
DA:69,4
DA:70,30
DA:71,2
DA:72,28
DA:79,30
DA:80,30
DA:81,4
DA:82,26
DA:88,4
DA:89,4
DA:90,4
DA:91,4
DA:93,0
DA:100,0
DA:101,0
DA:102,0
LH:36
LF:40
end_of_record
SF:/home/fullness/CS_Training/LibraryApi/Apps/LibraryApi.Infrastructures/Adapters/BookCategoryEntityAdapter.cs
FN:17,ConvertAsync(LibraryApi.Domains.Models.BookCategory)
FN:29,RestoreAsync(LibraryApi.Infrastructures.Entities.BookCategoryEntity)
FNDA:28,ConvertAsync(LibraryApi.Domains.Models.BookCategory)
FNDA:96,RestoreAsync(LibraryApi.Infrastructures.Entities.BookCategoryEntity)
FNF:2
FNH:2
BRDA:19,19,76,6
BRDA:19,19,77,2
BRDA:31,31,78,6
BRDA:31,31,79,2
BRF:4
BRH:4
DA:17,28
DA:19,28
DA:21,26
DA:22,26
DA:23,26
DA:24,26
DA:25,26
DA:29,96
DA:31,96
DA:33,94
DA:34,94
DA:35,94
LH:12
LF:12
end_of_record
SF:/home/fullness/CS_Training/LibraryApi/Apps/LibraryApi.Infrastructures/Adapters/BookEntityAdapter.cs
FN:20,ConvertAsync(LibraryApi.Domains.Models.Book)
FN:37,RestoreAsync(LibraryApi.Infrastructures.Entities.BookEntity)
FNDA:30,ConvertAsync(LibraryApi.Domains.Models.Book)
FNDA:44,RestoreAsync(LibraryApi.Infrastructures.Entities.BookEntity)
FNF:2
FNH:2
BRDA:22,22,80,6
BRDA:22,22,81,2
BRDA:39,39,82,6
BRDA:39,39,83,2
BRF:4
BRH:4
DA:20,30
DA:22,30
DA:24,28
DA:25,28
DA:26,28
DA:27,28
DA:28,28
DA:29,28
DA:37,44
DA:39,44
DA:41,42
DA:42,42
DA:43,42
LH:13
LF:13
end_of_record
SF:/home/fullness/CS_Training/LibraryApi/Apps/LibraryApi.Infrastructures/Adapters/BookFactory.cs
FN:23,.ctor(LibraryApi.Infrastructures.Adapters.BookEntityAdapter,LibraryApi.Infrastructures.Adapters.BookCategoryEntityAdapter,LibraryApi.Infrastructures.Adapters.BookStockEntityAdapter)
FN:39,ConvertAsync()
FN:70,ConvertAsync()
FN:87,RestoreAsync()
FN:118,RestoreAsync()
FNDA:106,.ctor(LibraryApi.Infrastructures.Adapters.BookEntityAdapter,LibraryApi.Infrastructures.Adapters.BookCategoryEntityAdapter,LibraryApi.Infrastructures.Adapters.BookStockEntityAdapter)
FNDA:26,ConvertAsync()
FNDA:2,ConvertAsync()
FNDA:40,RestoreAsync()
FNDA:14,RestoreAsync()
FNF:5
FNH:5
BRDA:43,43,84,6
BRDA:43,43,85,6
BRDA:43,43,86,2
BRDA:43,43,87,2
BRDA:48,48,88,6
BRDA:48,48,89,6
BRDA:55,55,90,6
BRDA:55,55,91,6
BRDA:73,73,92,2
BRDA:73,73,93,2
BRDA:91,91,94,6
BRDA:91,91,95,6
BRDA:91,91,96,2
BRDA:91,91,97,2
BRDA:96,96,98,6
BRDA:96,96,99,6
BRDA:103,103,100,6
BRDA:103,103,101,6
BRDA:121,121,102,6
BRDA:121,121,103,6
BRF:20
BRH:20
DA:23,106
DA:24,106
DA:25,106
DA:26,106
DA:27,106
DA:28,106
DA:29,106
DA:30,106
DA:31,106
DA:39,26
DA:41,26
DA:43,26
DA:44,2
DA:45,2
DA:48,24
DA:49,24
DA:51,24
DA:52,24
DA:53,24
DA:55,24
DA:56,22
DA:58,22
DA:59,22
DA:60,22
DA:61,24
DA:62,26
DA:70,2
DA:72,2
DA:73,18
DA:74,6
DA:76,6
DA:77,6
DA:78,2
DA:79,2
DA:87,40
DA:89,40
DA:91,40
DA:92,2
DA:93,2
DA:96,38
DA:97,38
DA:99,38
DA:100,38
DA:101,38
DA:103,38
DA:104,36
DA:106,36
DA:107,36
DA:108,36
DA:109,38
DA:110,40
DA:118,14
DA:120,14
DA:121,66
DA:122,12
DA:124,12
DA:125,12
DA:126,14
DA:127,14
LH:59
LF:59
end_of_record
SF:/home/fullness/CS_Training/LibraryApi/Apps/LibraryApi.Infrastructures/Adapters/BookStockEntityAdapter.cs
FN:20,ConvertAsync(LibraryApi.Domains.Models.BookStock)
FN:36,RestoreAsync(LibraryApi.Infrastructures.Entities.BookStockEntity)
FNDA:26,ConvertAsync(LibraryApi.Domains.Models.BookStock)
FNDA:40,RestoreAsync(LibraryApi.Infrastructures.Entities.BookStockEntity)
FNF:2
FNH:2
BRDA:22,22,104,6
BRDA:22,22,105,2
BRDA:38,38,106,6
BRDA:38,38,107,2
BRF:4
BRH:4
DA:20,26
DA:22,26
DA:24,24
DA:25,24
DA:26,24
DA:27,24
DA:28,24
DA:36,40
DA:38,40
DA:40,38
DA:41,38
DA:42,38
LH:12
LF:12
end_of_record
SF:/home/fullness/CS_Training/LibraryApi/Apps/LibraryApi.Infrastructures/Adapters/UserEntityAdapter.cs
FN:20,ConvertAsync(LibraryApi.Domains.Models.User)
FN:38,RestoreAsync(LibraryApi.Infrastructures.Entities.UserEntity)
FNDA:4,ConvertAsync(LibraryApi.Domains.Models.User)
FNDA:4,RestoreAsync(LibraryApi.Infrastructures.Entities.UserEntity)
FNF:2
FNH:2
BRDA:21,21,108,2
BRDA:21,21,109,2
BRDA:39,39,110,2
BRDA:39,39,111,2
BRF:4
BRH:4
DA:20,4
DA:21,4
DA:22,2
DA:23,2
DA:25,2
DA:26,2
DA:27,2
DA:28,2
DA:29,2
DA:30,2
DA:38,4
DA:39,4
DA:40,2
DA:41,2
DA:43,2
DA:44,2
DA:45,2
DA:46,2
DA:47,2
DA:48,2
LH:20
LF:20
end_of_record
SF:/home/fullness/CS_Training/LibraryApi/Apps/LibraryApi.Infrastructures/Contexts/AppDbContext.cs
FN:22,get_Categories()
FN:27,get_Books()
FN:32,get_BookStocks()
FN:37,get_Users()
FN:122,OnModelCreating(Microsoft.EntityFrameworkCore.ModelBuilder)
FN:211,ApplyTimestamps()
FN:44,.ctor(Microsoft.EntityFrameworkCore.DbContextOptions`1<LibraryApi.Infrastructures.Contexts.AppDbContext>)
FN:202,SaveChangesAsync()
FNDA:50,get_Categories()
FNDA:113,get_Books()
FNDA:22,get_BookStocks()
FNDA:0,get_Users()
FNDA:6,OnModelCreating(Microsoft.EntityFrameworkCore.ModelBuilder)
FNDA:27,ApplyTimestamps()
FNDA:106,.ctor(Microsoft.EntityFrameworkCore.DbContextOptions`1<LibraryApi.Infrastructures.Contexts.AppDbContext>)
FNDA:27,SaveChangesAsync()
FNF:8
FNH:7
BRDA:215,215,112,6
BRDA:215,215,113,6
BRDA:217,217,114,6
BRDA:217,217,115,6
BRDA:223,223,116,6
BRDA:223,223,117,2
BRF:6
BRH:6
DA:22,50
DA:27,113
DA:32,22
DA:37,0
DA:44,106
DA:45,106
DA:46,106
DA:122,6
DA:124,6
DA:125,6
DA:126,6
DA:127,6
DA:128,6
DA:129,6
DA:130,6
DA:131,6
DA:132,6
DA:133,6
DA:134,6
DA:135,6
DA:136,6
DA:137,6
DA:138,6
DA:139,6
DA:140,6
DA:141,6
DA:142,6
DA:143,6
DA:144,6
DA:145,6
DA:146,6
DA:147,6
DA:148,12
DA:150,6
DA:151,6
DA:152,6
DA:153,6
DA:154,6
DA:155,6
DA:156,6
DA:157,6
DA:158,6
DA:159,6
DA:160,6
DA:161,6
DA:162,6
DA:163,12
DA:165,6
DA:166,6
DA:167,6
DA:168,6
DA:169,6
DA:170,6
DA:171,6
DA:172,6
DA:173,6
DA:174,6
DA:175,6
DA:176,6
DA:177,12
DA:179,6
DA:180,6
DA:181,6
DA:182,6
DA:183,6
DA:184,6
DA:185,6
DA:186,6
DA:187,6
DA:188,6
DA:189,6
DA:190,12
DA:191,6
DA:202,27
DA:203,27
DA:204,27
DA:205,26
DA:211,27
DA:212,27
DA:215,251
DA:216,85
DA:217,85
DA:218,28
DA:220,28
DA:221,28
DA:222,28
DA:223,57
DA:224,4
DA:226,4
DA:227,4
DA:228,85
DA:229,27
LH:91
LF:92
end_of_record
SF:/home/fullness/CS_Training/LibraryApi/Apps/LibraryApi.Infrastructures/Entities/BookCategoryEntity.cs
FN:17,get_Id()
FN:22,get_CategoryUuid()
FN:28,get_Name()
FN:33,get_CreatedAt()
FN:38,get_UpdatedAt()
FN:40,get_Books()
FNDA:14,get_Id()
FNDA:264,get_CategoryUuid()
FNDA:264,get_Name()
FNDA:0,get_CreatedAt()
FNDA:0,get_UpdatedAt()
FNDA:114,get_Books()
FNF:6
FNH:4
BRF:0
BRH:0
DA:17,14
DA:22,264
DA:28,264
DA:33,0
DA:38,0
DA:40,114
LH:4
LF:6
end_of_record
SF:/home/fullness/CS_Training/LibraryApi/Apps/LibraryApi.Infrastructures/Entities/BookEntity.cs
FN:16,get_Id()
FN:21,get_BookUuid()
FN:27,get_Title()
FN:32,get_Author()
FN:37,get_CategoryId()
FN:41,get_CreatedAt()
FN:45,get_UpdatedAt()
FN:48,get_BookCategory()
FN:50,get_BookStock()
FNDA:7,get_Id()
FNDA:180,get_BookUuid()
FNDA:186,get_Title()
FNDA:186,get_Author()
FNDA:14,get_CategoryId()
FNDA:14,get_CreatedAt()
FNDA:16,get_UpdatedAt()
FNDA:204,get_BookCategory()
FNDA:144,get_BookStock()
FNF:9
FNH:9
BRF:0
BRH:0
DA:16,7
DA:21,180
DA:27,186
DA:32,186
DA:37,14
DA:41,14
DA:45,16
DA:48,204
DA:50,144
LH:9
LF:9
end_of_record
SF:/home/fullness/CS_Training/LibraryApi/Apps/LibraryApi.Infrastructures/Entities/BookStockEntity.cs
FN:15,get_Id()
FN:20,get_StockUuid()
FN:24,get_Stock()
FN:28,get_BookId()
FN:32,get_CreatedAt()
FN:36,get_UpdatedAt()
FN:39,get_Book()
FNDA:0,get_Id()
FNDA:152,get_StockUuid()
FNDA:96,get_Stock()
FNDA:0,get_BookId()
FNDA:14,get_CreatedAt()
FNDA:16,get_UpdatedAt()
FNDA:0,get_Book()
FNF:7
FNH:4
BRF:0
BRH:0
DA:15,0
DA:20,152
DA:24,96
DA:28,0
DA:32,14
DA:36,16
DA:39,0
LH:4
LF:7
end_of_record
SF:/home/fullness/CS_Training/LibraryApi/Apps/LibraryApi.Infrastructures/Entities/UserEntity.cs
FN:19,get_UserId()
FN:27,get_UserUuid()
FN:35,get_Username()
FN:43,get_Password()
FN:50,get_CreatedAt()
FN:57,get_UpdatedAt()
FNDA:0,get_UserId()
FNDA:12,get_UserUuid()
FNDA:12,get_Username()
FNDA:12,get_Password()
FNDA:0,get_CreatedAt()
FNDA:0,get_UpdatedAt()
FNF:6
FNH:3
BRF:0
BRH:0
DA:19,0
DA:27,12
DA:35,12
DA:43,12
DA:50,0
DA:57,0
LH:3
LF:6
end_of_record
SF:/home/fullness/CS_Training/LibraryApi/Apps/LibraryApi.Infrastructures/Repositories/BookCategoryRepository.cs
FN:19,get__context()
FN:20,get__adapter()
FN:24,.ctor(LibraryApi.Infrastructures.Contexts.AppDbContext,LibraryApi.Infrastructures.Adapters.BookCategoryEntityAdapter)
FN:32,SelectAllAsync()
FN:55,SelectByIdAsync()
FNDA:62,get__context()
FNDA:86,get__adapter()
FNDA:32,.ctor(LibraryApi.Infrastructures.Contexts.AppDbContext,LibraryApi.Infrastructures.Adapters.BookCategoryEntityAdapter)
FNDA:6,SelectAllAsync()
FNDA:24,SelectByIdAsync()
FNF:5
FNH:5
BRDA:37,37,118,6
BRDA:37,37,119,6
BRDA:59,59,120,6
BRDA:59,59,121,6
BRF:4
BRH:4
DA:19,62
DA:20,86
DA:24,32
DA:25,32
DA:26,32
DA:27,32
DA:28,32
DA:32,6
DA:34,6
DA:35,6
DA:36,6
DA:37,90
DA:38,36
DA:39,36
DA:40,36
DA:41,6
DA:43,0
DA:44,0
DA:45,0
DA:47,0
DA:48,0
DA:49,0
DA:51,6
DA:55,24
DA:57,24
DA:58,24
DA:59,24
DA:60,6
DA:61,6
DA:63,18
DA:64,18
DA:66,0
DA:67,0
DA:68,0
DA:70,0
DA:71,0
DA:73,0
DA:75,24
LH:26
LF:38
end_of_record
SF:/home/fullness/CS_Training/LibraryApi/Apps/LibraryApi.Infrastructures/Repositories/BookRepository.cs
FN:21,.ctor(LibraryApi.Infrastructures.Contexts.AppDbContext,LibraryApi.Infrastructures.Adapters.BookFactory)
FN:33,CreateAsync()
FN:170,DeleteByIdAsync()
FN:203,ExistsByNameAsync()
FN:70,SelectByIdWithBookStockAndBookCategoryAsync()
FN:104,SelectByNameLikeWithBookStockAndBookCategoryAsync()
FN:218,SelectByNameWithIdAsync()
FN:135,UpdateByIdAsync()
FNDA:90,.ctor(LibraryApi.Infrastructures.Contexts.AppDbContext,LibraryApi.Infrastructures.Adapters.BookFactory)
FNDA:14,CreateAsync()
FNDA:9,DeleteByIdAsync()
FNDA:31,ExistsByNameAsync()
FNDA:22,SelectByIdWithBookStockAndBookCategoryAsync()
FNDA:12,SelectByNameLikeWithBookStockAndBookCategoryAsync()
FNDA:2,SelectByNameWithIdAsync()
FNDA:10,UpdateByIdAsync()
FNF:8
FNH:8
BRDA:39,39,122,6
BRDA:39,39,123,-
BRDA:176,176,124,4
BRDA:176,176,125,4
BRDA:180,180,126,4
BRDA:180,180,127,-
BRDA:79,79,128,6
BRDA:79,79,129,6
BRDA:226,226,130,2
BRDA:226,226,131,-
BRDA:142,142,132,6
BRDA:142,142,133,4
BRF:12
BRH:9
DA:21,90
DA:22,90
DA:23,90
DA:24,90
DA:25,90
DA:33,14
DA:35,14
DA:37,14
DA:38,14
DA:39,14
DA:40,0
DA:41,0
DA:44,14
DA:46,14
DA:47,14
DA:49,14
DA:51,14
DA:52,13
DA:53,0
DA:54,0
DA:55,0
DA:57,1
DA:58,1
DA:60,1
DA:62,13
DA:70,22
DA:72,22
DA:74,22
DA:75,22
DA:76,22
DA:77,22
DA:78,22
DA:79,22
DA:80,8
DA:81,8
DA:84,14
DA:85,14
DA:87,0
DA:88,0
DA:89,0
DA:91,0
DA:92,0
DA:94,0
DA:96,22
DA:104,12
DA:106,12
DA:108,12
DA:109,12
DA:110,12
DA:111,12
DA:112,12
DA:113,12
DA:115,12
DA:116,12
DA:118,0
DA:119,0
DA:120,0
DA:122,0
DA:123,0
DA:125,0
DA:127,12
DA:135,10
DA:137,10
DA:138,10
DA:139,10
DA:140,10
DA:141,10
DA:142,10
DA:143,4
DA:144,4
DA:147,6
DA:148,6
DA:150,6
DA:152,6
DA:154,6
DA:155,6
DA:157,0
DA:158,0
DA:160,0
DA:162,10
DA:170,9
DA:172,9
DA:174,9
DA:175,9
DA:176,7
DA:177,7
DA:178,7
DA:179,7
DA:180,7
DA:181,0
DA:182,0
DA:185,7
DA:187,7
DA:188,7
DA:190,2
DA:191,2
DA:193,2
DA:195,7
DA:203,31
DA:205,31
DA:206,31
DA:207,31
DA:208,31
DA:210,0
DA:211,0
DA:213,0
DA:215,31
DA:218,2
DA:220,2
DA:221,2
DA:222,2
DA:223,2
DA:224,2
DA:225,2
DA:226,2
DA:227,0
DA:228,0
DA:230,2
DA:231,2
DA:234,0
DA:235,0
DA:237,0
DA:239,2
LH:93
LF:123
end_of_record
SF:/home/fullness/CS_Training/LibraryApi/Apps/LibraryApi.Infrastructures/Shared/UnitOfWork.cs
FN:16,.ctor(LibraryApi.Infrastructures.Contexts.AppDbContext)
FN:26,BeginAsync()
FN:40,CommitAsync()
FN:56,RollbackAsync()
FNDA:60,.ctor(LibraryApi.Infrastructures.Contexts.AppDbContext)
FNDA:25,BeginAsync()
FNDA:17,CommitAsync()
FNDA:6,RollbackAsync()
FNF:4
FNH:4
BRDA:28,28,134,6
BRDA:28,28,135,6
BRDA:41,41,136,6
BRDA:41,41,137,6
BRDA:57,57,138,4
BRDA:57,57,139,4
BRF:6
BRH:6
DA:16,60
DA:17,60
DA:18,60
DA:19,60
DA:26,25
DA:28,25
DA:29,25
DA:31,25
DA:32,25
DA:33,25
DA:40,17
DA:41,17
DA:42,17
DA:44,17
DA:46,17
DA:47,17
DA:48,17
DA:49,17
DA:56,6
DA:57,6
DA:58,6
DA:60,6
DA:62,6
DA:63,6
DA:64,6
DA:65,6
LH:26
LF:26
end_of_record
SF:/home/fullness/CS_Training/LibraryApi/Apps/LibraryApi.Presentations/Adapters/RegisterBookViewModelAdapter.cs
FN:17,RestoreAsync(LibraryApi.Presentations.ViewModels.RegisterBookViewModel)
FN:31,TransAsync(LibraryApi.Presentations.ViewModels.RegisterBookRequestViewModel)
FNDA:20,RestoreAsync(LibraryApi.Presentations.ViewModels.RegisterBookViewModel)
FNDA:8,TransAsync(LibraryApi.Presentations.ViewModels.RegisterBookRequestViewModel)
FNF:2
FNH:2
BRF:0
BRH:0
DA:17,20
DA:19,20
DA:21,16
DA:23,14
DA:25,8
DA:26,8
DA:27,8
DA:28,8
DA:31,8
DA:33,8
DA:34,8
DA:35,8
DA:36,8
DA:37,8
DA:38,8
DA:39,8
DA:40,8
DA:41,8
LH:18
LF:18
end_of_record
SF:/home/fullness/CS_Training/LibraryApi/Apps/LibraryApi.Presentations/Adapters/UpdateBookViewModelAdapter.cs
FN:39,ConvertAsync()
FN:16,RestoreAsync()
FN:28,TransAsync()
FNDA:4,ConvertAsync()
FNDA:0,RestoreAsync()
FNDA:12,TransAsync()
FNF:3
FNH:2
BRDA:40,40,140,2
BRDA:40,40,141,-
BRF:2
BRH:1
DA:16,0
DA:24,0
DA:25,0
DA:28,12
DA:30,12
DA:32,10
DA:34,4
DA:35,4
DA:36,4
DA:39,4
DA:40,4
DA:41,4
DA:42,4
DA:43,4
DA:44,4
DA:45,4
DA:46,4
DA:47,4
DA:48,4
DA:49,4
DA:50,4
DA:51,4
DA:52,4
DA:54,4
DA:55,4
LH:22
LF:25
end_of_record
SF:/home/fullness/CS_Training/LibraryApi/Apps/LibraryApi.Presentations/Configs/ApplicationDependencyExtensions.cs
FN:35,AddApplicationDependencies(Microsoft.Extensions.DependencyInjection.IServiceCollection,Microsoft.Extensions.Configuration.IConfiguration)
FN:53,AddInfrastructureDependencies(Microsoft.Extensions.DependencyInjection.IServiceCollection,Microsoft.Extensions.Configuration.IConfiguration)
FN:99,AddApplicationLayerDependencies(Microsoft.Extensions.DependencyInjection.IServiceCollection,Microsoft.Extensions.Configuration.IConfiguration)
FN:126,AddPresentationLayerDependencies(Microsoft.Extensions.DependencyInjection.IServiceCollection,Microsoft.Extensions.Configuration.IConfiguration)
FN:150,BuildAppProvider(Microsoft.Extensions.Configuration.IConfiguration,System.Action`1<Microsoft.Extensions.DependencyInjection.IServiceCollection>,System.Action`1<Microsoft.Extensions.Logging.ILoggingBuilder>)
FNDA:40,AddApplicationDependencies(Microsoft.Extensions.DependencyInjection.IServiceCollection,Microsoft.Extensions.Configuration.IConfiguration)
FNDA:40,AddInfrastructureDependencies(Microsoft.Extensions.DependencyInjection.IServiceCollection,Microsoft.Extensions.Configuration.IConfiguration)
FNDA:40,AddApplicationLayerDependencies(Microsoft.Extensions.DependencyInjection.IServiceCollection,Microsoft.Extensions.Configuration.IConfiguration)
FNDA:40,AddPresentationLayerDependencies(Microsoft.Extensions.DependencyInjection.IServiceCollection,Microsoft.Extensions.Configuration.IConfiguration)
FNDA:40,BuildAppProvider(Microsoft.Extensions.Configuration.IConfiguration,System.Action`1<Microsoft.Extensions.DependencyInjection.IServiceCollection>,System.Action`1<Microsoft.Extensions.Logging.ILoggingBuilder>)
FNF:5
FNH:5
BRDA:60,60,142,6
BRDA:60,60,143,6
BRDA:154,154,144,6
BRDA:154,154,145,-
BRDA:158,158,146,6
BRDA:158,158,147,-
BRF:6
BRH:4
DA:35,40
DA:37,40
DA:39,40
DA:41,40
DA:42,40
DA:43,40
DA:53,40
DA:55,40
DA:57,40
DA:58,100
DA:59,40
DA:60,100
DA:61,40
DA:62,100
DA:63,140
DA:66,40
DA:68,40
DA:70,40
DA:72,40
DA:75,40
DA:77,40
DA:79,40
DA:81,40
DA:87,40
DA:89,40
DA:99,40
DA:100,40
DA:101,40
DA:102,40
DA:103,40
DA:104,40
DA:106,40
DA:115,40
DA:116,40
DA:126,40
DA:128,40
DA:131,40
DA:132,40
DA:136,40
DA:137,40
DA:150,40
DA:151,40
DA:152,40
DA:153,40
DA:154,40
DA:155,40
DA:156,80
DA:157,40
DA:158,40
DA:160,40
DA:161,40
LH:51
LF:51
end_of_record
SF:/home/fullness/CS_Training/LibraryApi/Apps/LibraryApi.Presentations/Controllers/DeleteBookController.cs
FN:25,.ctor(LibraryApi.Applications.Usecases.Books.Interfaces.IDeleteUsecase)
FN:48,Deleted()
FNDA:4,.ctor(LibraryApi.Applications.Usecases.Books.Interfaces.IDeleteUsecase)
FNDA:4,Deleted()
FNF:2
FNH:2
BRDA:54,54,148,-
BRDA:54,54,149,-
BRDA:50,50,150,2
BRDA:50,50,151,-
BRF:4
BRH:1
DA:25,4
DA:26,4
DA:27,4
DA:28,4
DA:30,4
DA:48,4
DA:50,4
DA:51,0
DA:53,0
DA:54,0
DA:55,0
DA:56,0
DA:57,0
DA:58,0
DA:59,0
DA:60,0
DA:61,0
DA:62,0
DA:63,0
DA:64,0
DA:65,0
DA:66,0
DA:69,4
DA:70,4
DA:72,2
DA:73,2
DA:75,2
DA:76,2
DA:77,2
DA:78,2
DA:80,0
DA:81,0
DA:83,0
DA:84,0
DA:86,0
DA:87,0
DA:88,0
DA:89,0
DA:91,4
LH:16
LF:39
end_of_record
SF:/home/fullness/CS_Training/LibraryApi/Apps/LibraryApi.Presentations/Controllers/GetBookInfoByBookIdController.cs
FN:23,.ctor(LibraryApi.Applications.Usecases.Books.Interfaces.IGetBookInfoByBookIdUsecase)
FN:38,GetInfo()
FNDA:4,.ctor(LibraryApi.Applications.Usecases.Books.Interfaces.IGetBookInfoByBookIdUsecase)
FNDA:4,GetInfo()
FNF:2
FNH:2
BRF:0
BRH:0
DA:23,4
DA:24,4
DA:25,4
DA:26,4
DA:38,4
DA:40,4
DA:41,4
DA:42,2
DA:44,2
DA:45,2
DA:46,2
DA:48,4
LH:12
LF:12
end_of_record
SF:/home/fullness/CS_Training/LibraryApi/Apps/LibraryApi.Presentations/Controllers/RegisterBookController.cs
FN:26,.ctor(LibraryApi.Applications.Usecases.Books.Interfaces.IRegisterBookUsecase,LibraryApi.Presentations.Adapters.RegisterBookViewModelAdapter)
FN:44,GetCategoriesAsync()
FN:66,Register()
FNDA:16,.ctor(LibraryApi.Applications.Usecases.Books.Interfaces.IRegisterBookUsecase,LibraryApi.Presentations.Adapters.RegisterBookViewModelAdapter)
FNDA:2,GetCategoriesAsync()
FNDA:16,Register()
FNF:3
FNH:3
BRDA:72,72,152,2
BRDA:72,72,153,-
BRDA:68,68,154,2
BRDA:68,68,155,2
BRF:4
BRH:3
DA:26,16
DA:27,16
DA:28,16
DA:29,16
DA:30,16
DA:31,16
DA:32,16
DA:44,2
DA:45,2
DA:46,2
DA:47,2
DA:66,16
DA:68,16
DA:69,8
DA:71,8
DA:72,8
DA:73,8
DA:74,8
DA:75,8
DA:76,8
DA:77,8
DA:78,8
DA:79,8
DA:80,8
DA:81,8
DA:82,8
DA:83,8
DA:84,8
DA:87,8
DA:89,8
DA:91,6
DA:93,6
DA:94,6
DA:95,6
DA:99,6
DA:100,6
DA:102,0
DA:103,0
DA:105,0
DA:107,2
DA:108,2
DA:110,2
DA:112,0
DA:113,0
DA:115,0
DA:117,16
LH:40
LF:46
end_of_record
SF:/home/fullness/CS_Training/LibraryApi/Apps/LibraryApi.Presentations/Controllers/SearchBookByKeywordController.cs
FN:21,.ctor(LibraryApi.Applications.Usecases.Books.Interfaces.ISearchBookByKeywordUsecase)
FN:36,Search()
FNDA:6,.ctor(LibraryApi.Applications.Usecases.Books.Interfaces.ISearchBookByKeywordUsecase)
FNDA:6,Search()
FNF:2
FNH:2
BRDA:38,38,156,2
BRDA:38,38,157,2
BRF:2
BRH:2
DA:21,6
DA:22,6
DA:23,6
DA:24,6
DA:36,6
DA:38,6
DA:39,2
DA:40,2
DA:41,2
DA:44,4
DA:45,4
DA:46,6
LH:12
LF:12
end_of_record
SF:/home/fullness/CS_Training/LibraryApi/Apps/LibraryApi.Presentations/Controllers/UpdateBookController.cs
FN:26,.ctor(LibraryApi.Applications.Usecases.Books.Interfaces.IUpdateBookUsecase,LibraryApi.Presentations.Adapters.UpdateBookViewModelAdapter)
FN:51,Updated()
FNDA:12,.ctor(LibraryApi.Applications.Usecases.Books.Interfaces.IUpdateBookUsecase,LibraryApi.Presentations.Adapters.UpdateBookViewModelAdapter)
FNDA:12,Updated()
FNF:2
FNH:2
BRDA:57,57,158,-
BRDA:57,57,159,-
BRDA:53,53,160,2
BRDA:53,53,161,-
BRF:4
BRH:1
DA:26,12
DA:27,12
DA:28,12
DA:29,12
DA:30,12
DA:31,12
DA:32,12
DA:51,12
DA:53,12
DA:54,0
DA:56,0
DA:57,0
DA:58,0
DA:59,0
DA:60,0
DA:61,0
DA:62,0
DA:63,0
DA:64,0
DA:65,0
DA:66,0
DA:67,0
DA:68,0
DA:69,0
DA:72,12
DA:74,12
DA:76,10
DA:78,2
DA:79,2
DA:80,2
DA:82,2
DA:83,2
DA:85,2
DA:86,2
DA:88,8
DA:89,8
DA:90,8
DA:91,8
DA:93,12
LH:24
LF:39
end_of_record
SF:/home/fullness/CS_Training/LibraryApi/Apps/LibraryApi.Presentations/ViewModels/RegisterBookRequestViewModel.cs
FN:12,get_Title()
FN:16,get_Author()
FN:21,get_Stock()
FN:27,get_CategoryId()
FNDA:48,get_Title()
FNDA:42,get_Author()
FNDA:26,get_Stock()
FNDA:50,get_CategoryId()
FNF:4
FNH:4
BRF:0
BRH:0
DA:12,48
DA:16,42
DA:21,26
DA:27,50
LH:4
LF:4
end_of_record
SF:/home/fullness/CS_Training/LibraryApi/Apps/LibraryApi.Presentations/ViewModels/RegisterBookViewModel.cs
FN:12,get_Title()
FN:16,get_Author()
FN:21,get_Stock()
FN:27,get_CategoryId()
FN:31,get_CategoryName()
FNDA:62,get_Title()
FNDA:62,get_Author()
FNDA:42,get_Stock()
FNDA:68,get_CategoryId()
FNDA:64,get_CategoryName()
FNF:5
FNH:5
BRF:0
BRH:0
DA:12,62
DA:16,62
DA:21,42
DA:27,68
DA:31,64
LH:5
LF:5
end_of_record
SF:/home/fullness/CS_Training/LibraryApi/Apps/LibraryApi.Presentations/ViewModels/UpdateBookRequestViewModel.cs
FN:15,get_Title()
FN:19,get_Author()
FN:23,get_Stock()
FNDA:42,get_Title()
FNDA:42,get_Author()
FNDA:30,get_Stock()
FNF:3
FNH:3
BRF:0
BRH:0
DA:15,42
DA:19,42
DA:23,30
LH:3
LF:3
end_of_record
SF:/home/fullness/CS_Training/LibraryApi/Apps/LibraryApi.Presentations/ViewModels/UpdateBookResponseViewModel.cs
FN:5,get_BookId()
FN:6,get_Title()
FN:7,get_Author()
FN:9,get_Category()
FN:11,get_Stock()
FN:16,get_CategoryId()
FN:17,get_Name()
FNDA:10,get_BookId()
FNDA:12,get_Title()
FNDA:12,get_Author()
FNDA:8,get_Category()
FNDA:8,get_Stock()
FNDA:12,get_CategoryId()
FNDA:12,get_Name()
FNF:7
FNH:7
BRF:0
BRH:0
DA:5,10
DA:6,12
DA:7,12
DA:9,8
DA:11,8
DA:16,12
DA:17,12
LH:7
LF:7
end_of_record
SF:/home/fullness/CS_Training/LibraryApi/Apps/LibraryApi.Presentations/Program.cs
FN:4,<Main>$(System.String[])
FNDA:0,<Main>$(System.String[])
FNF:1
FNH:0
BRDA:26,26,162,-
BRDA:26,26,163,-
BRF:2
BRH:0
DA:4,0
DA:7,0
DA:8,0
DA:11,0
DA:12,0
DA:13,0
DA:14,0
DA:15,0
DA:16,0
DA:17,0
DA:18,0
DA:19,0
DA:20,0
DA:23,0
DA:26,0
DA:27,0
DA:28,0
DA:29,0
DA:30,0
DA:31,0
DA:32,0
DA:33,0
DA:34,0
DA:35,0
DA:36,0
DA:37,0
DA:40,0
DA:42,0
DA:45,0
DA:47,0
LH:0
LF:30
end_of_record
